Exporter version: 5.6.4, Blender version: 2.79 (sub 0)
========= Conversion from Blender to Babylon.js =========
	Scene settings used :
		export scope        :  ALL
		inline textures     :  false
		Positions Precision :  4
		Normals Precision   :  3
		UVs Precision       :  3
		Vert Color Precision:  3
		Mat Weight Precision:  2
		texture directory   :  C:\Users\zero\Desktop\videosjuegos\proyectoEntrega3\src\modelos\
	Python World class constructor completed
	WARNING: No active camera has been assigned, or is not in a currently selected Blender layer
	processing begun of mesh:  Plane
		processing begun of baked material:  Plane
			Internal baking texture, type: TEXTURE, mapped using: UVMap
		num positions      :  11615
		num normals        :  11615
		num uvs            :  23230
		num uvs2           :  0
		num colors         :  0
		num indices        :  32292
========= Writing of scene file started =========
========= Writing of scene file completed =========
========= end of processing =========
elapsed time:  1 min, 25.8018 secs
