Exporter version: 5.6.4, Blender version: 2.79 (sub 0)
========= Conversion from Blender to Babylon.js =========
	Scene settings used :
		export scope        :  ALL
		inline textures     :  false
		Positions Precision :  4
		Normals Precision   :  3
		UVs Precision       :  3
		Vert Color Precision:  3
		Mat Weight Precision:  2
		texture directory   :  C:\Users\zero\Desktop\videosjuegos\proyectoEntrega3\src\modelos\
	Python World class constructor completed
	WARNING: No active camera has been assigned, or is not in a currently selected Blender layer
	processing begun of mesh:  Roof
		processing begun of Standard material:  Material.001
			Diffuse texture found "Texture"
				Image texture found, type:  diffuseTexture, mapped using: "UVMap"
	WARNING: Error encountered processing image file:  , Error:  'C:\\Users\\zero\\Desktop\\videosjuegos\\proyectoEntrega3\\Modelos\\..\\src\\modelos\\wall-hosp.jpg' and 'C:\\Users\\zero\\Desktop\\videosjuegos\\proyectoEntrega3\\src\\modelos\\wall-hosp.jpg' are the same file
		num positions      :  4
		num normals        :  4
		num uvs            :  8
		num uvs2           :  0
		num colors         :  0
		num indices        :  6
========= Writing of scene file started =========
========= Writing of scene file completed =========
========= end of processing =========
elapsed time:  0 min, 0.057 secs
